build/app/intermediates/manifest_merge_blame_file/debug/manifest-merger-blame-debug-report.txt
1<?xml version="1.0" encoding="utf-8"?>
2<manifest xmlns:android="http://schemas.android.com/apk/res/android"
3    package="com.littledino_abc_kids_animals_insects_learning_phonics_toddler_fun_123_game_quiz"
4    android:versionCode="2"
5    android:versionName="1.0.1" >
6
7    <uses-sdk
8        android:minSdkVersion="21"
9        android:targetSdkVersion="31" />
10    <!--
11         The INTERNET permission is required for development. Specifically,
12         the Flutter tool needs it to communicate with the running application
13         to allow setting breakpoints, to provide hot reload, etc.
14    -->
15    <uses-permission android:name="android.permission.INTERNET" />
15-->src/main/AndroidManifest.xml:3:1-63
15-->src/main/AndroidManifest.xml:3:18-60
16    <uses-permission android:name="android.permission.WAKE_LOCK" />
16-->src/main/AndroidManifest.xml:4:1-63
16-->src/main/AndroidManifest.xml:4:18-61
17    <uses-permission android:name="android.permission.FOREGROUND_SERVICE" /> <!-- facebook login -->
17-->src/main/AndroidManifest.xml:5:1-72
17-->src/main/AndroidManifest.xml:5:18-70
18    <uses-permission android:name="com.google.android.gms.permission.AD_ID" /> <!-- Image Pick -->
18-->src/main/AndroidManifest.xml:7:1-74
18-->src/main/AndroidManifest.xml:7:18-72
19    <uses-permission android:name="android.permission.CAMERA" />
19-->src/main/AndroidManifest.xml:10:1-61
19-->src/main/AndroidManifest.xml:10:18-58
20    <uses-permission android:name="android.permission.FLASHLIGHT" />
20-->src/main/AndroidManifest.xml:11:1-65
20-->src/main/AndroidManifest.xml:11:18-62
21    <uses-permission android:name="android.permission.ACCESS_NETWORK_STATE" /> <!-- Permissions options for the `notification` group -->
21-->[:firebase_analytics] AndroidManifest.xml:9:5-79
21-->[:firebase_analytics] AndroidManifest.xml:9:22-76
22    <uses-permission android:name="android.permission.POST_NOTIFICATIONS" />
22-->[:firebase_messaging] AndroidManifest.xml:13:5-77
22-->[:firebase_messaging] AndroidManifest.xml:13:22-74
23
24    <queries>
24-->[:flutter_tts] AndroidManifest.xml:9:5-13:15
25        <intent>
25-->[:flutter_tts] AndroidManifest.xml:10:9-12:18
26            <action android:name="android.intent.action.TTS_SERVICE" />
26-->[:flutter_tts] AndroidManifest.xml:11:13-72
26-->[:flutter_tts] AndroidManifest.xml:11:21-69
27        </intent>
28        <intent>
28-->[com.google.firebase:firebase-inappmessaging-display:20.1.3] AndroidManifest.xml:15:9-19:18
29            <action android:name="android.intent.action.VIEW" />
29-->[com.google.firebase:firebase-inappmessaging-display:20.1.3] AndroidManifest.xml:16:13-65
29-->[com.google.firebase:firebase-inappmessaging-display:20.1.3] AndroidManifest.xml:16:21-62
30
31            <data android:scheme="https" />
31-->[com.google.firebase:firebase-inappmessaging-display:20.1.3] AndroidManifest.xml:18:13-44
31-->[com.google.firebase:firebase-inappmessaging-display:20.1.3] AndroidManifest.xml:18:19-41
32        </intent>
33
34        <package android:name="com.facebook.katana" />
34-->[com.facebook.android:facebook-common:15.1.0] AndroidManifest.xml:18:9-55
34-->[com.facebook.android:facebook-common:15.1.0] AndroidManifest.xml:18:18-52
35
36        <intent>
36-->[androidx.media2:media2-session:1.2.0] AndroidManifest.xml:25:9-27:18
37            <action android:name="android.media.browse.MediaBrowserService" />
37-->[androidx.media2:media2-session:1.2.0] AndroidManifest.xml:26:13-79
37-->[androidx.media2:media2-session:1.2.0] AndroidManifest.xml:26:21-76
38        </intent>
39        <intent>
39-->[androidx.media2:media2-session:1.2.0] AndroidManifest.xml:28:9-30:18
40            <action android:name="androidx.media2.session.MediaSessionService" />
40-->[androidx.media2:media2-session:1.2.0] AndroidManifest.xml:29:13-82
40-->[androidx.media2:media2-session:1.2.0] AndroidManifest.xml:29:21-79
41        </intent>
42        <intent>
42-->[androidx.media2:media2-session:1.2.0] AndroidManifest.xml:31:9-33:18
43            <action android:name="androidx.media2.session.MediaLibraryService" />
43-->[androidx.media2:media2-session:1.2.0] AndroidManifest.xml:32:13-82
43-->[androidx.media2:media2-session:1.2.0] AndroidManifest.xml:32:21-79
44        </intent>
45    </queries> <!-- Required by older versions of Google Play services to create IID tokens -->
46    <uses-permission android:name="com.google.android.c2dm.permission.RECEIVE" />
46-->[com.google.firebase:firebase-messaging:23.0.8] AndroidManifest.xml:29:5-82
46-->[com.google.firebase:firebase-messaging:23.0.8] AndroidManifest.xml:29:22-79
47    <uses-permission android:name="com.google.android.finsky.permission.BIND_GET_INSTALL_REFERRER_SERVICE" />
47-->[com.google.android.gms:play-services-measurement:21.1.1] AndroidManifest.xml:26:5-110
47-->[com.google.android.gms:play-services-measurement:21.1.1] AndroidManifest.xml:26:22-107
48
49    <application
50        android:name="android.app.Application"
51        android:appComponentFactory="androidx.core.app.CoreComponentFactory"
51-->[androidx.core:core:1.8.0] AndroidManifest.xml:24:18-86
52        android:debuggable="true"
53        android:icon="@mipmap/ic_launcher"
54        android:label="little dino app"
55        android:requestLegacyExternalStorage="true"
56        android:supportsRtl="true"
56-->[com.facebook.android:facebook-android-sdk:15.1.0] AndroidManifest.xml:16:18-44
57        android:usesCleartextTraffic="true" >
58
59        <!-- Facebook sign In -->
60        <!-- <meta-data android:name="com.facebook.sdk.ApplicationId" android:value="@string/facebook_app_id"/> -->
61        <!-- <meta-data android:name="com.facebook.sdk.ClientToken" android:value="@string/facebook_client_token"/> -->
62        <!-- <activity android:name="com.facebook.FacebookActivity" -->
63        <!-- android:configChanges= -->
64        <!-- "keyboard|keyboardHidden|screenLayout|screenSize|orientation" -->
65        <!-- Facebook Config -->
66        <!-- <meta-data -->
67        <!-- android:name="com.facebook.sdk.ApplicationId" -->
68        <!-- android:value="@string/facebook_app_id" /> -->
69        <!-- <meta-data -->
70        <!-- android:name="com.facebook.sdk.ClientToken" -->
71        <!-- android:value="@string/facebook_client_token" /> -->
72
73
74        <!-- &lt;!&ndash;       Facebook Config&ndash;&gt; -->
75        <!-- <activity android:name="com.facebook.FacebookActivity" -->
76        <!-- android:configChanges="keyboard|keyboardHidden|screenLayout|screenSize|orientation" -->
77        <!-- android:label="@string/app_name" /> -->
78        <!-- <activity -->
79        <!-- android:name="com.facebook.CustomTabActivity" -->
80        <!-- android:exported="true"> -->
81        <!-- <intent-filter> -->
82        <!-- <action android:name="android.intent.action.VIEW" /> -->
83        <!-- <category android:name="android.intent.category.DEFAULT" /> -->
84        <!-- <category android:name="android.intent.category.BROWSABLE" /> -->
85        <!-- <data android:scheme="@string/fb_login_protocol_scheme" /> -->
86        <!-- </intent-filter> -->
87        <!-- </activity> -->
88
89        <activity
90            android:name="com.littledino_abc_kids_animals_insects_learning_phonics_toddler_fun_123_game_quiz.MainActivity"
91            android:configChanges="orientation|keyboardHidden|keyboard|screenSize|smallestScreenSize|locale|layoutDirection|fontScale|screenLayout|density|uiMode"
92            android:exported="true"
93            android:hardwareAccelerated="true"
94            android:launchMode="singleTop"
95            android:theme="@style/LaunchTheme"
96            android:windowSoftInputMode="adjustResize" >
97
98            <!--
99             Specifies an Android theme to apply to this Activity as soon as
100             the Android process has started. This theme is visible to the user
101             while the Flutter UI initializes. After that, this theme continues
102             to determine the Window background behind the Flutter UI.
103            -->
104            <meta-data
105                android:name="io.flutter.embedding.android.NormalTheme"
106                android:resource="@style/NormalTheme" />
107
108            <intent-filter>
109                <action android:name="android.intent.action.MAIN" />
110
111                <category android:name="android.intent.category.LAUNCHER" />
112            </intent-filter>
113        </activity>
114        <!--
115         Don't delete the meta-data below.
116         This is used by the Flutter tool to generate GeneratedPluginRegistrant.java
117        -->
118        <meta-data
119            android:name="flutterEmbedding"
120            android:value="2" />
121
122        <service
122-->[:cloud_firestore] AndroidManifest.xml:10:9-14:19
123            android:name="com.google.firebase.components.ComponentDiscoveryService"
123-->[:cloud_firestore] AndroidManifest.xml:10:18-89
124            android:directBootAware="true"
124-->[com.google.firebase:firebase-common:20.1.2] AndroidManifest.xml:35:13-43
125            android:exported="false" >
125-->[com.google.firebase:firebase-inappmessaging-display:20.1.3] AndroidManifest.xml:25:13-37
126            <meta-data
126-->[:cloud_firestore] AndroidManifest.xml:11:13-13:85
127                android:name="com.google.firebase.components:io.flutter.plugins.firebase.firestore.FlutterFirebaseFirestoreRegistrar"
127-->[:cloud_firestore] AndroidManifest.xml:12:17-134
128                android:value="com.google.firebase.components.ComponentRegistrar" />
128-->[:cloud_firestore] AndroidManifest.xml:13:17-82
129            <meta-data
129-->[:firebase_analytics] AndroidManifest.xml:15:13-17:85
130                android:name="com.google.firebase.components:io.flutter.plugins.firebase.analytics.FlutterFirebaseAppRegistrar"
130-->[:firebase_analytics] AndroidManifest.xml:16:17-128
131                android:value="com.google.firebase.components.ComponentRegistrar" />
131-->[:firebase_analytics] AndroidManifest.xml:17:17-82
132            <meta-data
132-->[:firebase_auth] AndroidManifest.xml:11:13-13:85
133                android:name="com.google.firebase.components:io.flutter.plugins.firebase.auth.FlutterFirebaseAuthRegistrar"
133-->[:firebase_auth] AndroidManifest.xml:12:17-124
134                android:value="com.google.firebase.components.ComponentRegistrar" />
134-->[:firebase_auth] AndroidManifest.xml:13:17-82
135            <meta-data
135-->[:firebase_in_app_messaging] AndroidManifest.xml:11:13-13:85
136                android:name="com.google.firebase.components:io.flutter.plugins.firebase.inappmessaging.FlutterFirebaseAppRegistrar"
136-->[:firebase_in_app_messaging] AndroidManifest.xml:12:17-133
137                android:value="com.google.firebase.components.ComponentRegistrar" />
137-->[:firebase_in_app_messaging] AndroidManifest.xml:13:17-82
138            <meta-data
138-->[:firebase_messaging] AndroidManifest.xml:38:13-40:85
139                android:name="com.google.firebase.components:io.flutter.plugins.firebase.messaging.FlutterFirebaseAppRegistrar"
139-->[:firebase_messaging] AndroidManifest.xml:39:17-128
140                android:value="com.google.firebase.components.ComponentRegistrar" />
140-->[:firebase_messaging] AndroidManifest.xml:40:17-82
141            <meta-data
141-->[:firebase_core] AndroidManifest.xml:11:13-13:85
142                android:name="com.google.firebase.components:io.flutter.plugins.firebase.core.FlutterFirebaseCoreRegistrar"
142-->[:firebase_core] AndroidManifest.xml:12:17-124
143                android:value="com.google.firebase.components.ComponentRegistrar" />
143-->[:firebase_core] AndroidManifest.xml:13:17-82
144            <meta-data
144-->[com.google.firebase:firebase-inappmessaging-display:20.1.3] AndroidManifest.xml:26:13-28:85
145                android:name="com.google.firebase.components:com.google.firebase.inappmessaging.display.FirebaseInAppMessagingDisplayRegistrar"
145-->[com.google.firebase:firebase-inappmessaging-display:20.1.3] AndroidManifest.xml:27:17-144
146                android:value="com.google.firebase.components.ComponentRegistrar" />
146-->[com.google.firebase:firebase-inappmessaging-display:20.1.3] AndroidManifest.xml:28:17-82
147            <meta-data
147-->[com.google.firebase:firebase-messaging:23.0.8] AndroidManifest.xml:56:13-58:85
148                android:name="com.google.firebase.components:com.google.firebase.messaging.FirebaseMessagingRegistrar"
148-->[com.google.firebase:firebase-messaging:23.0.8] AndroidManifest.xml:57:17-119
149                android:value="com.google.firebase.components.ComponentRegistrar" />
149-->[com.google.firebase:firebase-messaging:23.0.8] AndroidManifest.xml:58:17-82
150            <meta-data
150-->[com.google.firebase:firebase-inappmessaging:20.1.3] AndroidManifest.xml:17:13-19:85
151                android:name="com.google.firebase.components:com.google.firebase.inappmessaging.FirebaseInAppMessagingRegistrar"
151-->[com.google.firebase:firebase-inappmessaging:20.1.3] AndroidManifest.xml:18:17-129
152                android:value="com.google.firebase.components.ComponentRegistrar" />
152-->[com.google.firebase:firebase-inappmessaging:20.1.3] AndroidManifest.xml:19:17-82
153            <meta-data
153-->[com.google.firebase:firebase-datatransport:18.1.6] AndroidManifest.xml:28:13-30:85
154                android:name="com.google.firebase.components:com.google.firebase.datatransport.TransportRegistrar"
154-->[com.google.firebase:firebase-datatransport:18.1.6] AndroidManifest.xml:29:17-115
155                android:value="com.google.firebase.components.ComponentRegistrar" />
155-->[com.google.firebase:firebase-datatransport:18.1.6] AndroidManifest.xml:30:17-82
156            <meta-data
156-->[com.google.firebase:firebase-auth:21.0.8] AndroidManifest.xml:67:13-69:85
157                android:name="com.google.firebase.components:com.google.firebase.auth.FirebaseAuthRegistrar"
157-->[com.google.firebase:firebase-auth:21.0.8] AndroidManifest.xml:68:17-109
158                android:value="com.google.firebase.components.ComponentRegistrar" />
158-->[com.google.firebase:firebase-auth:21.0.8] AndroidManifest.xml:69:17-82
159            <meta-data
159-->[com.google.firebase:firebase-firestore:24.3.0] AndroidManifest.xml:20:13-22:85
160                android:name="com.google.firebase.components:com.google.firebase.firestore.FirestoreRegistrar"
160-->[com.google.firebase:firebase-firestore:24.3.0] AndroidManifest.xml:21:17-111
161                android:value="com.google.firebase.components.ComponentRegistrar" />
161-->[com.google.firebase:firebase-firestore:24.3.0] AndroidManifest.xml:22:17-82
162            <meta-data
162-->[com.google.android.gms:play-services-measurement-api:21.1.1] AndroidManifest.xml:31:13-33:85
163                android:name="com.google.firebase.components:com.google.firebase.analytics.connector.internal.AnalyticsConnectorRegistrar"
163-->[com.google.android.gms:play-services-measurement-api:21.1.1] AndroidManifest.xml:32:17-139
164                android:value="com.google.firebase.components.ComponentRegistrar" />
164-->[com.google.android.gms:play-services-measurement-api:21.1.1] AndroidManifest.xml:33:17-82
165            <meta-data
165-->[com.google.firebase:firebase-installations:17.0.2] AndroidManifest.xml:18:13-20:85
166                android:name="com.google.firebase.components:com.google.firebase.installations.FirebaseInstallationsRegistrar"
166-->[com.google.firebase:firebase-installations:17.0.2] AndroidManifest.xml:19:17-127
167                android:value="com.google.firebase.components.ComponentRegistrar" />
167-->[com.google.firebase:firebase-installations:17.0.2] AndroidManifest.xml:20:17-82
168            <meta-data
168-->[com.google.firebase:firebase-abt:21.0.2] AndroidManifest.xml:13:13-15:85
169                android:name="com.google.firebase.components:com.google.firebase.abt.component.AbtRegistrar"
169-->[com.google.firebase:firebase-abt:21.0.2] AndroidManifest.xml:14:17-109
170                android:value="com.google.firebase.components.ComponentRegistrar" />
170-->[com.google.firebase:firebase-abt:21.0.2] AndroidManifest.xml:15:17-82
171        </service>
172        <service
172-->[:firebase_messaging] AndroidManifest.xml:16:9-19:72
173            android:name="io.flutter.plugins.firebase.messaging.FlutterFirebaseMessagingBackgroundService"
173-->[:firebase_messaging] AndroidManifest.xml:17:13-107
174            android:exported="false"
174-->[:firebase_messaging] AndroidManifest.xml:18:13-37
175            android:permission="android.permission.BIND_JOB_SERVICE" />
175-->[:firebase_messaging] AndroidManifest.xml:19:13-69
176        <service
176-->[:firebase_messaging] AndroidManifest.xml:20:9-26:19
177            android:name="io.flutter.plugins.firebase.messaging.FlutterFirebaseMessagingService"
177-->[:firebase_messaging] AndroidManifest.xml:21:13-97
178            android:exported="false" >
178-->[:firebase_messaging] AndroidManifest.xml:22:13-37
179            <intent-filter>
179-->[:firebase_messaging] AndroidManifest.xml:23:13-25:29
180                <action android:name="com.google.firebase.MESSAGING_EVENT" />
180-->[:firebase_messaging] AndroidManifest.xml:24:17-78
180-->[:firebase_messaging] AndroidManifest.xml:24:25-75
181            </intent-filter>
182        </service>
183
184        <receiver
184-->[:firebase_messaging] AndroidManifest.xml:28:9-35:20
185            android:name="io.flutter.plugins.firebase.messaging.FlutterFirebaseMessagingReceiver"
185-->[:firebase_messaging] AndroidManifest.xml:29:13-98
186            android:exported="true"
186-->[:firebase_messaging] AndroidManifest.xml:30:13-36
187            android:permission="com.google.android.c2dm.permission.SEND" >
187-->[:firebase_messaging] AndroidManifest.xml:31:13-73
188            <intent-filter>
188-->[:firebase_messaging] AndroidManifest.xml:32:13-34:29
189                <action android:name="com.google.android.c2dm.intent.RECEIVE" />
189-->[:firebase_messaging] AndroidManifest.xml:33:17-81
189-->[:firebase_messaging] AndroidManifest.xml:33:25-78
190            </intent-filter>
191        </receiver>
192
193        <provider
193-->[:firebase_messaging] AndroidManifest.xml:43:9-47:38
194            android:name="io.flutter.plugins.firebase.messaging.FlutterFirebaseMessagingInitProvider"
194-->[:firebase_messaging] AndroidManifest.xml:44:13-102
195            android:authorities="com.littledino_abc_kids_animals_insects_learning_phonics_toddler_fun_123_game_quiz.flutterfirebasemessaginginitprovider"
195-->[:firebase_messaging] AndroidManifest.xml:45:13-88
196            android:exported="false"
196-->[:firebase_messaging] AndroidManifest.xml:46:13-37
197            android:initOrder="99" />
197-->[:firebase_messaging] AndroidManifest.xml:47:13-35
198        <provider
198-->[:image_picker_android] AndroidManifest.xml:10:9-18:20
199            android:name="io.flutter.plugins.imagepicker.ImagePickerFileProvider"
199-->[:image_picker_android] AndroidManifest.xml:11:13-82
200            android:authorities="com.littledino_abc_kids_animals_insects_learning_phonics_toddler_fun_123_game_quiz.flutter.image_provider"
200-->[:image_picker_android] AndroidManifest.xml:12:13-74
201            android:exported="false"
201-->[:image_picker_android] AndroidManifest.xml:13:13-37
202            android:grantUriPermissions="true" >
202-->[:image_picker_android] AndroidManifest.xml:14:13-47
203            <meta-data
203-->[:image_picker_android] AndroidManifest.xml:15:13-17:75
204                android:name="android.support.FILE_PROVIDER_PATHS"
204-->[:image_picker_android] AndroidManifest.xml:16:17-67
205                android:resource="@xml/flutter_image_picker_file_paths" />
205-->[:image_picker_android] AndroidManifest.xml:17:17-72
206        </provider>
207
208        <uses-library
208-->[androidx.window:window:1.0.0-beta04] AndroidManifest.xml:25:9-27:40
209            android:name="androidx.window.extensions"
209-->[androidx.window:window:1.0.0-beta04] AndroidManifest.xml:26:13-54
210            android:required="false" />
210-->[androidx.window:window:1.0.0-beta04] AndroidManifest.xml:27:13-37
211        <uses-library
211-->[androidx.window:window:1.0.0-beta04] AndroidManifest.xml:28:9-30:40
212            android:name="androidx.window.sidecar"
212-->[androidx.window:window:1.0.0-beta04] AndroidManifest.xml:29:13-51
213            android:required="false" />
213-->[androidx.window:window:1.0.0-beta04] AndroidManifest.xml:30:13-37
214
215        <receiver
215-->[com.google.firebase:firebase-messaging:23.0.8] AndroidManifest.xml:32:9-39:20
216            android:name="com.google.firebase.iid.FirebaseInstanceIdReceiver"
216-->[com.google.firebase:firebase-messaging:23.0.8] AndroidManifest.xml:33:13-78
217            android:exported="true"
217-->[com.google.firebase:firebase-messaging:23.0.8] AndroidManifest.xml:34:13-36
218            android:permission="com.google.android.c2dm.permission.SEND" >
218-->[com.google.firebase:firebase-messaging:23.0.8] AndroidManifest.xml:35:13-73
219            <intent-filter>
219-->[:firebase_messaging] AndroidManifest.xml:32:13-34:29
220                <action android:name="com.google.android.c2dm.intent.RECEIVE" />
220-->[:firebase_messaging] AndroidManifest.xml:33:17-81
220-->[:firebase_messaging] AndroidManifest.xml:33:25-78
221            </intent-filter>
222        </receiver>
223        <!--
224             FirebaseMessagingService performs security checks at runtime,
225             but set to not exported to explicitly avoid allowing another app to call it.
226        -->
227        <service
227-->[com.google.firebase:firebase-messaging:23.0.8] AndroidManifest.xml:45:9-52:19
228            android:name="com.google.firebase.messaging.FirebaseMessagingService"
228-->[com.google.firebase:firebase-messaging:23.0.8] AndroidManifest.xml:46:13-82
229            android:directBootAware="true"
229-->[com.google.firebase:firebase-messaging:23.0.8] AndroidManifest.xml:47:13-43
230            android:exported="false" >
230-->[com.google.firebase:firebase-messaging:23.0.8] AndroidManifest.xml:48:13-37
231            <intent-filter android:priority="-500" >
231-->[:firebase_messaging] AndroidManifest.xml:23:13-25:29
232                <action android:name="com.google.firebase.MESSAGING_EVENT" />
232-->[:firebase_messaging] AndroidManifest.xml:24:17-78
232-->[:firebase_messaging] AndroidManifest.xml:24:25-75
233            </intent-filter>
234        </service>
235        <service
235-->[com.google.android.datatransport:transport-backend-cct:3.1.7] AndroidManifest.xml:29:9-35:19
236            android:name="com.google.android.datatransport.runtime.backends.TransportBackendDiscovery"
236-->[com.google.android.datatransport:transport-backend-cct:3.1.7] AndroidManifest.xml:30:13-103
237            android:exported="false" >
237-->[com.google.android.datatransport:transport-backend-cct:3.1.7] AndroidManifest.xml:31:13-37
238            <meta-data
238-->[com.google.android.datatransport:transport-backend-cct:3.1.7] AndroidManifest.xml:32:13-34:39
239                android:name="backend:com.google.android.datatransport.cct.CctBackendFactory"
239-->[com.google.android.datatransport:transport-backend-cct:3.1.7] AndroidManifest.xml:33:17-94
240                android:value="cct" />
240-->[com.google.android.datatransport:transport-backend-cct:3.1.7] AndroidManifest.xml:34:17-36
241        </service>
242        <service
242-->[com.google.android.datatransport:transport-runtime:3.1.7] AndroidManifest.xml:26:9-30:19
243            android:name="com.google.android.datatransport.runtime.scheduling.jobscheduling.JobInfoSchedulerService"
243-->[com.google.android.datatransport:transport-runtime:3.1.7] AndroidManifest.xml:27:13-117
244            android:exported="false"
244-->[com.google.android.datatransport:transport-runtime:3.1.7] AndroidManifest.xml:28:13-37
245            android:permission="android.permission.BIND_JOB_SERVICE" >
245-->[com.google.android.datatransport:transport-runtime:3.1.7] AndroidManifest.xml:29:13-69
246        </service>
247
248        <receiver
248-->[com.google.android.datatransport:transport-runtime:3.1.7] AndroidManifest.xml:32:9-34:40
249            android:name="com.google.android.datatransport.runtime.scheduling.jobscheduling.AlarmManagerSchedulerBroadcastReceiver"
249-->[com.google.android.datatransport:transport-runtime:3.1.7] AndroidManifest.xml:33:13-132
250            android:exported="false" />
250-->[com.google.android.datatransport:transport-runtime:3.1.7] AndroidManifest.xml:34:13-37
251
252        <activity
252-->[com.google.firebase:firebase-auth:21.0.8] AndroidManifest.xml:27:9-44:20
253            android:name="com.google.firebase.auth.internal.GenericIdpActivity"
253-->[com.google.firebase:firebase-auth:21.0.8] AndroidManifest.xml:28:13-80
254            android:excludeFromRecents="true"
254-->[com.google.firebase:firebase-auth:21.0.8] AndroidManifest.xml:29:13-46
255            android:exported="true"
255-->[com.google.firebase:firebase-auth:21.0.8] AndroidManifest.xml:30:13-36
256            android:launchMode="singleTask"
256-->[com.google.firebase:firebase-auth:21.0.8] AndroidManifest.xml:31:13-44
257            android:theme="@android:style/Theme.Translucent.NoTitleBar" >
257-->[com.google.firebase:firebase-auth:21.0.8] AndroidManifest.xml:32:13-72
258            <intent-filter>
258-->[com.google.firebase:firebase-auth:21.0.8] AndroidManifest.xml:33:13-43:29
259                <action android:name="android.intent.action.VIEW" />
259-->[com.google.firebase:firebase-inappmessaging-display:20.1.3] AndroidManifest.xml:16:13-65
259-->[com.google.firebase:firebase-inappmessaging-display:20.1.3] AndroidManifest.xml:16:21-62
260
261                <category android:name="android.intent.category.DEFAULT" />
261-->[com.google.firebase:firebase-auth:21.0.8] AndroidManifest.xml:36:17-76
261-->[com.google.firebase:firebase-auth:21.0.8] AndroidManifest.xml:36:27-73
262                <category android:name="android.intent.category.BROWSABLE" />
262-->[com.google.firebase:firebase-auth:21.0.8] AndroidManifest.xml:37:17-78
262-->[com.google.firebase:firebase-auth:21.0.8] AndroidManifest.xml:37:27-75
263
264                <data
264-->[com.google.firebase:firebase-inappmessaging-display:20.1.3] AndroidManifest.xml:18:13-44
265                    android:host="firebase.auth"
266                    android:path="/"
267                    android:scheme="genericidp" />
267-->[com.google.firebase:firebase-inappmessaging-display:20.1.3] AndroidManifest.xml:18:19-41
268            </intent-filter>
269        </activity>
270        <activity
270-->[com.google.firebase:firebase-auth:21.0.8] AndroidManifest.xml:45:9-62:20
271            android:name="com.google.firebase.auth.internal.RecaptchaActivity"
271-->[com.google.firebase:firebase-auth:21.0.8] AndroidManifest.xml:46:13-79
272            android:excludeFromRecents="true"
272-->[com.google.firebase:firebase-auth:21.0.8] AndroidManifest.xml:47:13-46
273            android:exported="true"
273-->[com.google.firebase:firebase-auth:21.0.8] AndroidManifest.xml:48:13-36
274            android:launchMode="singleTask"
274-->[com.google.firebase:firebase-auth:21.0.8] AndroidManifest.xml:49:13-44
275            android:theme="@android:style/Theme.Translucent.NoTitleBar" >
275-->[com.google.firebase:firebase-auth:21.0.8] AndroidManifest.xml:50:13-72
276            <intent-filter>
276-->[com.google.firebase:firebase-auth:21.0.8] AndroidManifest.xml:51:13-61:29
277                <action android:name="android.intent.action.VIEW" />
277-->[com.google.firebase:firebase-inappmessaging-display:20.1.3] AndroidManifest.xml:16:13-65
277-->[com.google.firebase:firebase-inappmessaging-display:20.1.3] AndroidManifest.xml:16:21-62
278
279                <category android:name="android.intent.category.DEFAULT" />
279-->[com.google.firebase:firebase-auth:21.0.8] AndroidManifest.xml:36:17-76
279-->[com.google.firebase:firebase-auth:21.0.8] AndroidManifest.xml:36:27-73
280                <category android:name="android.intent.category.BROWSABLE" />
280-->[com.google.firebase:firebase-auth:21.0.8] AndroidManifest.xml:37:17-78
280-->[com.google.firebase:firebase-auth:21.0.8] AndroidManifest.xml:37:27-75
281
282                <data
282-->[com.google.firebase:firebase-inappmessaging-display:20.1.3] AndroidManifest.xml:18:13-44
283                    android:host="firebase.auth"
284                    android:path="/"
285                    android:scheme="recaptcha" />
285-->[com.google.firebase:firebase-inappmessaging-display:20.1.3] AndroidManifest.xml:18:19-41
286            </intent-filter>
287        </activity>
288
289        <provider
289-->[com.google.firebase:firebase-common:20.1.2] AndroidManifest.xml:26:9-31:39
290            android:name="com.google.firebase.provider.FirebaseInitProvider"
290-->[com.google.firebase:firebase-common:20.1.2] AndroidManifest.xml:27:13-77
291            android:authorities="com.littledino_abc_kids_animals_insects_learning_phonics_toddler_fun_123_game_quiz.firebaseinitprovider"
291-->[com.google.firebase:firebase-common:20.1.2] AndroidManifest.xml:28:13-72
292            android:directBootAware="true"
292-->[com.google.firebase:firebase-common:20.1.2] AndroidManifest.xml:29:13-43
293            android:exported="false"
293-->[com.google.firebase:firebase-common:20.1.2] AndroidManifest.xml:30:13-37
294            android:initOrder="100" />
294-->[com.google.firebase:firebase-common:20.1.2] AndroidManifest.xml:31:13-36
295
296        <activity
296-->[com.facebook.android:facebook-common:15.1.0] AndroidManifest.xml:22:9-25:66
297            android:name="com.facebook.FacebookActivity"
297-->[com.facebook.android:facebook-common:15.1.0] AndroidManifest.xml:23:13-57
298            android:configChanges="keyboard|keyboardHidden|screenLayout|screenSize|orientation"